<?xml version='1.0' encoding='UTF-8' ?>
<testsuite name="com.lbg.project.view.CatFullScreenKtTest" tests="3" failures="0" errors="0" skipped="0" time="20.911" timestamp="2023-11-07T12:46:22" hostname="localhost">
  <properties>
    <property name="device" value="Pixel_7_Pro_API_34(AVD) - 14" />
    <property name="flavor" value="" />
    <property name="project" value=":app" />
  </properties>
  <testcase name="testCatDetails" classname="com.lbg.project.view.CatFullScreenKtTest" time="6.357" />
  <testcase name="testCatFullScreenAppBar" classname="com.lbg.project.view.CatFullScreenKtTest" time="6.473" />
  <testcase name="testFavoriteButtonToggle" classname="com.lbg.project.view.CatFullScreenKtTest" time="6.602" />
</testsuite>